<?xml version="1.0" encoding="UTF-8"?>
<!-- Generated by org.testng.reporters.JUnitReportReporter -->
<testsuite skipped="0" hostname="Soft56" name="Page_factory.Test_Login" tests="1" failures="0" timestamp="29 Nov 2019 04:33:15 GMT" time="52.482" errors="0">
  <testcase name="LoginCheck" time="52.482" classname="Page_factory.Test_Login"/>
</testsuite> <!-- Page_factory.Test_Login -->
