<?xml version="1.0" encoding="UTF-8"?>
<!-- Generated by org.testng.reporters.JUnitReportReporter -->
<testsuite skipped="0" hostname="Soft56" name="DataProviderJSON.Booking" tests="1" failures="0" timestamp="20 Nov 2019 11:23:56 GMT" time="16.231" errors="0">
  <testcase name="Test" time="16.231" classname="DataProviderJSON.Booking"/>
</testsuite> <!-- DataProviderJSON.Booking -->
