<?xml version="1.0" encoding="UTF-8"?>
<!-- Generated by org.testng.reporters.JUnitReportReporter -->
<testsuite skipped="0" hostname="Soft56" name="MyFleetBooking.BookingTest" tests="1" failures="0" timestamp="16 Jan 2020 11:40:34 GMT" time="184.580" errors="0">
  <testcase name="JSONDataRead" time="184.580" classname="MyFleetBooking.BookingTest"/>
</testsuite> <!-- MyFleetBooking.BookingTest -->
