<?xml version="1.0" encoding="UTF-8"?>
<!-- Generated by org.testng.reporters.JUnitReportReporter -->
<testsuite skipped="0" hostname="Soft56" name="DataProviderJSON.DataProviderMain" tests="2" failures="0" timestamp="17 Aug 2019 11:39:41 GMT" time="303.342" errors="0">
  <testcase name="WebderiverTest" time="145.620" classname="DataProviderJSON.DataProviderMain"/>
  <testcase name="WebderiverTest" time="157.722" classname="DataProviderJSON.DataProviderMain"/>
</testsuite> <!-- DataProviderJSON.DataProviderMain -->
